
> intellisync-chatbot@0.1.0 build /home/hilton/Documents/ledgerbot
> tsx lib/db/migrate && next build

â³ Running migrations...
{
  severity_local: 'NOTICE',
  severity: 'NOTICE',
  code: '42P06',
  message: 'schema "drizzle" already exists, skipping',
  file: 'schemacmds.c',
  line: '132',
  routine: 'CreateSchemaCommand'
}
{
  severity_local: 'NOTICE',
  severity: 'NOTICE',
  code: '42P07',
  message: 'relation "__drizzle_migrations" already exists, skipping',
  file: 'parse_utilcmd.c',
  line: '207',
  routine: 'transformCreateStmt'
}
âœ… Migrations completed in 427 ms
   â–² Next.js 15.4.7
   - Environments: .env.local

   Creating an optimized production build ...

[2m[173.57ms][22m [@tailwindcss/postcss] app/globals.css
[2m[  0.04ms][22m  [2m â†³ [22mQuick bail check
[2m[ 71.64ms][22m  [2m â†³ [22mSetup compiler
[2m[  0.40ms][22m    [2m â†³ [22mPostCSS AST -> Tailwind CSS AST
[2m[ 71.22ms][22m    [2m â†³ [22mCreate compiler
[2m[  0.08ms][22m  [2m â†³ [22mRegister full rebuild paths
[2m[  1.02ms][22m  [2m â†³ [22mSetup scanner
[2m[ 22.98ms][22m  [2m â†³ [22mScan for candidates
[2m[  7.99ms][22m  [2m â†³ [22mRegister dependency messages
[2m[ 39.62ms][22m  [2m â†³ [22mBuild utilities
[2m[ 24.60ms][22m  [2m â†³ [22mOptimization
[2m[  1.21ms][22m    [2m â†³ [22mAST -> CSS
[2m[ 13.52ms][22m    [2m â†³ [22mLightning CSS
[2m[  9.84ms][22m    [2m â†³ [22mCSS -> PostCSS AST
[2m[  5.31ms][22m  [2m â†³ [22mUpdate PostCSS AST

 âœ“ Compiled successfully in 14.0s
   Linting and checking validity of types ...
   Collecting page data ...
   Generating static pages (0/20) ...
   Generating static pages (5/20) 
   Generating static pages (10/20) 
   Generating static pages (15/20) 
 âœ“ Generating static pages (20/20)
   Finalizing page optimization ...
   Collecting build traces ...

Route (app)                                 Size  First Load JS
â”Œ Æ’ /                                      181 B        1.21 MB
â”œ â—‹ /_not-found                            996 B         106 kB
â”œ Æ’ /account/[[...rest]]                 3.48 kB         137 kB
â”œ Æ’ /api/chat                              166 B         106 kB
â”œ Æ’ /api/chat/[id]/stream                  166 B         106 kB
â”œ Æ’ /api/context-files                     166 B         106 kB
â”œ Æ’ /api/context-files/[id]                166 B         106 kB
â”œ Æ’ /api/document                          166 B         106 kB
â”œ Æ’ /api/files                             166 B         106 kB
â”œ Æ’ /api/files/upload                      166 B         106 kB
â”œ Æ’ /api/history                           166 B         106 kB
â”œ Æ’ /api/suggestions                       166 B         106 kB
â”œ Æ’ /api/usage                             166 B         106 kB
â”œ Æ’ /api/user                              166 B         106 kB
â”œ Æ’ /api/vote                              166 B         106 kB
â”œ Æ’ /chat/[id]                             180 B        1.21 MB
â”œ â—‹ /login                               2.29 kB         141 kB
â”œ â—‹ /opengraph-image-12cog0.png              0 B            0 B
â”œ Æ’ /personalisation                     4.63 kB         165 kB
â”œ â—‹ /privacy                               166 B         106 kB
â”œ â—‹ /register                            2.29 kB         141 kB
â”œ Æ’ /settings                            29.4 kB         193 kB
â”œ Æ’ /settings/agents                     12.3 kB         162 kB
â”œ Æ’ /settings/files                       2.3 kB         149 kB
â”œ Æ’ /settings/integrations                2.5 kB         116 kB
â”œ Æ’ /settings/personalisation            6.71 kB         168 kB
â”œ Æ’ /settings/usage                       114 kB         227 kB
â”œ â—‹ /terms                                 166 B         106 kB
â”” â—‹ /twitter-image-12cog0.png                0 B            0 B
+ First Load JS shared by all             105 kB
  â”œ chunks/073e7451-500c63729a0103f3.js  54.1 kB
  â”œ chunks/4138-869aeaa7f3ec157b.js      44.5 kB
  â”” other shared chunks (total)          6.82 kB


Æ’ Middleware                              130 kB

â—‹  (Static)   prerendered as static content
Æ’  (Dynamic)  server-rendered on demand

